<?xml version="1.0" encoding="UTF-8"?>
<testsuite xmlns:xsi="http://www.w3.org/2001/XMLSchema-instance" xsi:noNamespaceSchemaLocation="https://maven.apache.org/surefire/maven-surefire-plugin/xsd/surefire-test-report.xsd" name="tubes.algeo.LinearEquationSolverTest" time="0.169" tests="24" errors="0" skipped="0" failures="4">
  <properties>
[...]
</properties>
  <testcase name="testSPL_C_GaussJordan" classname="tubes.algeo.LinearEquationSolverTest" time="0.017"/>
  <testcase name="testSPL_E_Gauss" classname="tubes.algeo.LinearEquationSolverTest" time="0.002"/>
  <testcase name="testSPL_B_GaussJordan" classname="tubes.algeo.LinearEquationSolverTest" time="0.001"/>
  <testcase name="testSPL_D2_Cramer" classname="tubes.algeo.LinearEquationSolverTest" time="0.019">
    <failure message="expected:&lt;-8751600.0&gt; but was:&lt;-521235.3777792116&gt;" type="java.lang.AssertionError"><![CDATA[java.lang.AssertionError: expected:<-8751600.0> but was:<-521235.3777792116>
	at tubes.algeo.LinearEquationSolverTest.assertSolutionEqual(LinearEquationSolverTest.java:43)
	at tubes.algeo.LinearEquationSolverTest.testSPL_D2_Cramer(LinearEquationSolverTest.java:129)
]]></failure>
    <system-err><![CDATA[java.lang.IllegalArgumentException: the system of equation cannot be solved using Cramer's rule (determinant = 0)
	at tubes.algeo.LinearEquationSolver.solveSystemCramer(LinearEquationSolver.java:162)
	at tubes.algeo.LinearEquationSolverTest.testSPL_D2_Cramer(LinearEquationSolverTest.java:128)
	at java.base/jdk.internal.reflect.DirectMethodHandleAccessor.invoke(DirectMethodHandleAccessor.java:104)
	at java.base/java.lang.reflect.Method.invoke(Method.java:577)
	at org.junit.runners.model.FrameworkMethod$1.runReflectiveCall(FrameworkMethod.java:47)
	at org.junit.internal.runners.model.ReflectiveCallable.run(ReflectiveCallable.java:12)
	at org.junit.runners.model.FrameworkMethod.invokeExplosively(FrameworkMethod.java:44)
	at org.junit.internal.runners.statements.InvokeMethod.evaluate(InvokeMethod.java:17)
	at org.junit.runners.ParentRunner.runLeaf(ParentRunner.java:271)
	at org.junit.runners.BlockJUnit4ClassRunner.runChild(BlockJUnit4ClassRunner.java:70)
	at org.junit.runners.BlockJUnit4ClassRunner.runChild(BlockJUnit4ClassRunner.java:50)
	at org.junit.runners.ParentRunner$3.run(ParentRunner.java:238)
	at org.junit.runners.ParentRunner$1.schedule(ParentRunner.java:63)
	at org.junit.runners.ParentRunner.runChildren(ParentRunner.java:236)
	at org.junit.runners.ParentRunner.access$000(ParentRunner.java:53)
	at org.junit.runners.ParentRunner$2.evaluate(ParentRunner.java:229)
	at org.junit.runners.ParentRunner.run(ParentRunner.java:309)
	at org.apache.maven.surefire.junit4.JUnit4Provider.execute(JUnit4Provider.java:365)
	at org.apache.maven.surefire.junit4.JUnit4Provider.executeWithRerun(JUnit4Provider.java:273)
	at org.apache.maven.surefire.junit4.JUnit4Provider.executeTestSet(JUnit4Provider.java:238)
	at org.apache.maven.surefire.junit4.JUnit4Provider.invoke(JUnit4Provider.java:159)
	at org.apache.maven.surefire.booter.ForkedBooter.invokeProviderInSameClassLoader(ForkedBooter.java:384)
	at org.apache.maven.surefire.booter.ForkedBooter.runSuitesInProcess(ForkedBooter.java:345)
	at org.apache.maven.surefire.booter.ForkedBooter.execute(ForkedBooter.java:126)
	at org.apache.maven.surefire.booter.ForkedBooter.main(ForkedBooter.java:418)
]]></system-err>
  </testcase>
  <testcase name="testSPL_A_GaussJordan" classname="tubes.algeo.LinearEquationSolverTest" time="0"/>
  <testcase name="testSPL_G_Cramer" classname="tubes.algeo.LinearEquationSolverTest" time="0"/>
  <testcase name="testSPL_A_Gauss" classname="tubes.algeo.LinearEquationSolverTest" time="0"/>
  <testcase name="testSPL_F_Gauss" classname="tubes.algeo.LinearEquationSolverTest" time="0.001"/>
  <testcase name="testSPL_D1_Inverse" classname="tubes.algeo.LinearEquationSolverTest" time="0.001"/>
  <testcase name="testSPL_B_Gauss" classname="tubes.algeo.LinearEquationSolverTest" time="0"/>
  <testcase name="testSPL_G_Gauss" classname="tubes.algeo.LinearEquationSolverTest" time="0.001"/>
  <testcase name="testSPL_C_Gauss" classname="tubes.algeo.LinearEquationSolverTest" time="0"/>
  <testcase name="testSPL_D1_Gauss" classname="tubes.algeo.LinearEquationSolverTest" time="0"/>
  <testcase name="testSPL_H_Gauss" classname="tubes.algeo.LinearEquationSolverTest" time="0.002"/>
  <testcase name="testSPL_H_GaussJordan" classname="tubes.algeo.LinearEquationSolverTest" time="0.001"/>
  <testcase name="testSPL_D1_Cramer" classname="tubes.algeo.LinearEquationSolverTest" time="0.12"/>
  <testcase name="testSPL_G_GaussJordan" classname="tubes.algeo.LinearEquationSolverTest" time="0"/>
  <testcase name="testSPL_F_GaussJordan" classname="tubes.algeo.LinearEquationSolverTest" time="0"/>
  <testcase name="testSPL_D2_Gauss" classname="tubes.algeo.LinearEquationSolverTest" time="0">
    <failure message="expected:&lt;-8751600.0&gt; but was:&lt;-48048.00106115702&gt;" type="java.lang.AssertionError"><![CDATA[java.lang.AssertionError: expected:<-8751600.0> but was:<-48048.00106115702>
	at tubes.algeo.LinearEquationSolverTest.assertSolutionEqual(LinearEquationSolverTest.java:43)
	at tubes.algeo.LinearEquationSolverTest.testSPL_D2_Gauss(LinearEquationSolverTest.java:111)
]]></failure>
  </testcase>
  <testcase name="testSPL_G_Inverse" classname="tubes.algeo.LinearEquationSolverTest" time="0"/>
  <testcase name="testSPL_E_GaussJordan" classname="tubes.algeo.LinearEquationSolverTest" time="0"/>
  <testcase name="testSPL_D2_GaussJordan" classname="tubes.algeo.LinearEquationSolverTest" time="0">
    <failure message="expected:&lt;-8751600.0&gt; but was:&lt;-8750513.118251601&gt;" type="java.lang.AssertionError"><![CDATA[java.lang.AssertionError: expected:<-8751600.0> but was:<-8750513.118251601>
	at tubes.algeo.LinearEquationSolverTest.assertSolutionEqual(LinearEquationSolverTest.java:43)
	at tubes.algeo.LinearEquationSolverTest.testSPL_D2_GaussJordan(LinearEquationSolverTest.java:117)
]]></failure>
  </testcase>
  <testcase name="testSPL_D2_Inverse" classname="tubes.algeo.LinearEquationSolverTest" time="0">
    <failure type="java.lang.AssertionError">java.lang.AssertionError
	at tubes.algeo.LinearEquationSolverTest.assertSolutionEqual(LinearEquationSolverTest.java:26)
	at tubes.algeo.LinearEquationSolverTest.testSPL_D2_Inverse(LinearEquationSolverTest.java:123)
</failure>
  </testcase>
  <testcase name="testSPL_D1_GaussJordan" classname="tubes.algeo.LinearEquationSolverTest" time="0"/>
</testsuite>