<?xml version="1.0" encoding="UTF-8"?>
<testsuite xmlns:xsi="http://www.w3.org/2001/XMLSchema-instance" xsi:noNamespaceSchemaLocation="https://maven.apache.org/surefire/maven-surefire-plugin/xsd/surefire-test-report.xsd" name="tubes.algeo.LinearEquationSolverTest" time="0.026" tests="4" errors="0" skipped="0" failures="4">
  <properties>
[...]
</properties>
  <testcase name="testSystemGaussCramer" classname="tubes.algeo.LinearEquationSolverTest" time="0.019">
    <failure message="expected:&lt;{x1=-0.0, x2=3.0, x3=1.0, x4=2.0}&gt; but was:&lt;{x1=-Infinity, x2=NaN, x3=NaN, x4=NaN}&gt;" type="java.lang.AssertionError"><![CDATA[java.lang.AssertionError: expected:<{x1=-0.0, x2=3.0, x3=1.0, x4=2.0}> but was:<{x1=-Infinity, x2=NaN, x3=NaN, x4=NaN}>
	at tubes.algeo.LinearEquationSolverTest.testSystemGaussCramer(LinearEquationSolverTest.java:78)
]]></failure>
    <system-err><![CDATA[java.lang.IllegalArgumentException: the system of equation cannot be solved using Cramer's rule (determinant = 0)
	at tubes.algeo.LinearEquationSolver.solveSystemCramer(LinearEquationSolver.java:153)
	at tubes.algeo.LinearEquationSolverTest.testSystemGaussCramer(LinearEquationSolverTest.java:77)
	at java.base/jdk.internal.reflect.DirectMethodHandleAccessor.invoke(DirectMethodHandleAccessor.java:104)
	at java.base/java.lang.reflect.Method.invoke(Method.java:577)
	at org.junit.runners.model.FrameworkMethod$1.runReflectiveCall(FrameworkMethod.java:47)
	at org.junit.internal.runners.model.ReflectiveCallable.run(ReflectiveCallable.java:12)
	at org.junit.runners.model.FrameworkMethod.invokeExplosively(FrameworkMethod.java:44)
	at org.junit.internal.runners.statements.InvokeMethod.evaluate(InvokeMethod.java:17)
	at org.junit.runners.ParentRunner.runLeaf(ParentRunner.java:271)
	at org.junit.runners.BlockJUnit4ClassRunner.runChild(BlockJUnit4ClassRunner.java:70)
	at org.junit.runners.BlockJUnit4ClassRunner.runChild(BlockJUnit4ClassRunner.java:50)
	at org.junit.runners.ParentRunner$3.run(ParentRunner.java:238)
	at org.junit.runners.ParentRunner$1.schedule(ParentRunner.java:63)
	at org.junit.runners.ParentRunner.runChildren(ParentRunner.java:236)
	at org.junit.runners.ParentRunner.access$000(ParentRunner.java:53)
	at org.junit.runners.ParentRunner$2.evaluate(ParentRunner.java:229)
	at org.junit.runners.ParentRunner.run(ParentRunner.java:309)
	at org.apache.maven.surefire.junit4.JUnit4Provider.execute(JUnit4Provider.java:365)
	at org.apache.maven.surefire.junit4.JUnit4Provider.executeWithRerun(JUnit4Provider.java:273)
	at org.apache.maven.surefire.junit4.JUnit4Provider.executeTestSet(JUnit4Provider.java:238)
	at org.apache.maven.surefire.junit4.JUnit4Provider.invoke(JUnit4Provider.java:159)
	at org.apache.maven.surefire.booter.ForkedBooter.invokeProviderInSameClassLoader(ForkedBooter.java:384)
	at org.apache.maven.surefire.booter.ForkedBooter.runSuitesInProcess(ForkedBooter.java:345)
	at org.apache.maven.surefire.booter.ForkedBooter.execute(ForkedBooter.java:126)
	at org.apache.maven.surefire.booter.ForkedBooter.main(ForkedBooter.java:418)
]]></system-err>
  </testcase>
  <testcase name="testSystemGaussJordan" classname="tubes.algeo.LinearEquationSolverTest" time="0.004">
    <failure message="expected:&lt;{x1=-0.0, x2=3.0, x3=1.0, x4=2.0}&gt; but was:&lt;{x1=-0, x2=3, x3=1, x4=2}&gt;" type="java.lang.AssertionError"><![CDATA[java.lang.AssertionError: expected:<{x1=-0.0, x2=3.0, x3=1.0, x4=2.0}> but was:<{x1=-0, x2=3, x3=1, x4=2}>
	at tubes.algeo.LinearEquationSolverTest.testSystemGaussJordan(LinearEquationSolverTest.java:72)
]]></failure>
  </testcase>
  <testcase name="testSystemGaussInverse" classname="tubes.algeo.LinearEquationSolverTest" time="0.001">
    <failure message="expected:&lt;{x1=-0.0, x2=3.0, x3=1.0, x4=2.0}&gt; but was:&lt;{x1=-0, x2=3, x3=1, x4=2}&gt;" type="java.lang.AssertionError"><![CDATA[java.lang.AssertionError: expected:<{x1=-0.0, x2=3.0, x3=1.0, x4=2.0}> but was:<{x1=-0, x2=3, x3=1, x4=2}>
	at tubes.algeo.LinearEquationSolverTest.testSystemGaussInverse(LinearEquationSolverTest.java:84)
]]></failure>
  </testcase>
  <testcase name="testSystemGauss" classname="tubes.algeo.LinearEquationSolverTest" time="0.001">
    <failure message="expected:&lt;{x1=-0.0, x2=3.0, x3=1.0, x4=2.0}&gt; but was:&lt;{x1=-0, x2=3, x3=1, x4=2}&gt;" type="java.lang.AssertionError"><![CDATA[java.lang.AssertionError: expected:<{x1=-0.0, x2=3.0, x3=1.0, x4=2.0}> but was:<{x1=-0, x2=3, x3=1, x4=2}>
	at tubes.algeo.LinearEquationSolverTest.testSystemGauss(LinearEquationSolverTest.java:66)
]]></failure>
  </testcase>
</testsuite>