<?xml version="1.0" encoding="UTF-8"?>
<testsuite xmlns:xsi="http://www.w3.org/2001/XMLSchema-instance" xsi:noNamespaceSchemaLocation="https://maven.apache.org/surefire/maven-surefire-plugin/xsd/surefire-test-report.xsd" name="tubes.algeo.LinearEquationSolverTest" time="0.026" tests="4" errors="0" skipped="0" failures="4">
  <properties>
    <property name="java.specification.version" value="18"/>
    <property name="sun.cpu.isalist" value="amd64"/>
    <property name="sun.jnu.encoding" value="Cp1252"/>
    <property name="java.class.path" value="D:\Semester 3\Aljabar Linier dan Geometri\Tubes\Algeo01-21075\bin\test-classes;D:\Semester 3\Aljabar Linier dan Geometri\Tubes\Algeo01-21075\bin\classes;C:\Users\ASUS\.m2\repository\junit\junit\4.11\junit-4.11.jar;C:\Users\ASUS\.m2\repository\org\hamcrest\hamcrest-core\1.3\hamcrest-core-1.3.jar;"/>
    <property name="java.vm.vendor" value="Oracle Corporation"/>
    <property name="sun.arch.data.model" value="64"/>
    <property name="user.variant" value=""/>
    <property name="java.vendor.url" value="https://java.oracle.com/"/>
    <property name="user.timezone" value="Asia/Bangkok"/>
    <property name="os.name" value="Windows 10"/>
    <property name="java.vm.specification.version" value="18"/>
    <property name="sun.java.launcher" value="SUN_STANDARD"/>
    <property name="user.country" value="US"/>
    <property name="sun.boot.library.path" value="C:\Program Files\Java\jdk-18.0.2.1\bin"/>
    <property name="sun.java.command" value="C:\Users\ASUS\AppData\Local\Temp\surefire4847344135375424792\surefirebooter10176848113198115016.jar C:\Users\ASUS\AppData\Local\Temp\surefire4847344135375424792 2022-10-01T22-11-14_494-jvmRun1 surefire13761708576161865846tmp surefire_060256253983194051tmp"/>
    <property name="jdk.debug" value="release"/>
    <property name="surefire.test.class.path" value="D:\Semester 3\Aljabar Linier dan Geometri\Tubes\Algeo01-21075\bin\test-classes;D:\Semester 3\Aljabar Linier dan Geometri\Tubes\Algeo01-21075\bin\classes;C:\Users\ASUS\.m2\repository\junit\junit\4.11\junit-4.11.jar;C:\Users\ASUS\.m2\repository\org\hamcrest\hamcrest-core\1.3\hamcrest-core-1.3.jar;"/>
    <property name="sun.cpu.endian" value="little"/>
    <property name="user.home" value="C:\Users\ASUS"/>
    <property name="user.language" value="en"/>
    <property name="java.specification.vendor" value="Oracle Corporation"/>
    <property name="java.version.date" value="2022-08-18"/>
    <property name="java.home" value="C:\Program Files\Java\jdk-18.0.2.1"/>
    <property name="file.separator" value="\"/>
    <property name="basedir" value="D:\Semester 3\Aljabar Linier dan Geometri\Tubes\Algeo01-21075"/>
    <property name="java.vm.compressedOopsMode" value="32-bit"/>
    <property name="line.separator" value="&#10;"/>
    <property name="java.vm.specification.vendor" value="Oracle Corporation"/>
    <property name="java.specification.name" value="Java Platform API Specification"/>
    <property name="surefire.real.class.path" value="C:\Users\ASUS\AppData\Local\Temp\surefire4847344135375424792\surefirebooter10176848113198115016.jar"/>
    <property name="user.script" value=""/>
    <property name="sun.management.compiler" value="HotSpot 64-Bit Tiered Compilers"/>
    <property name="java.runtime.version" value="18.0.2.1+1-1"/>
    <property name="user.name" value="ASUS"/>
    <property name="path.separator" value=";"/>
    <property name="os.version" value="10.0"/>
    <property name="java.runtime.name" value="Java(TM) SE Runtime Environment"/>
    <property name="file.encoding" value="UTF-8"/>
    <property name="java.vm.name" value="Java HotSpot(TM) 64-Bit Server VM"/>
    <property name="localRepository" value="C:\Users\ASUS\.m2\repository"/>
    <property name="java.vendor.url.bug" value="https://bugreport.java.com/bugreport/"/>
    <property name="java.io.tmpdir" value="C:\Users\ASUS\AppData\Local\Temp\"/>
    <property name="java.version" value="18.0.2.1"/>
    <property name="user.dir" value="D:\Semester 3\Aljabar Linier dan Geometri\Tubes\Algeo01-21075"/>
    <property name="os.arch" value="amd64"/>
    <property name="java.vm.specification.name" value="Java Virtual Machine Specification"/>
    <property name="sun.os.patch.level" value=""/>
    <property name="native.encoding" value="Cp1252"/>
    <property name="java.library.path" value="C:\Program Files\Java\jdk-18.0.2.1\bin;C:\Windows\Sun\Java\bin;C:\Windows\system32;C:\Windows;C:\Program Files\Common Files\Oracle\Java\javapath;C:\Program Files (x86)\Common Files\Oracle\Java\javapath;C:\Windows\system32;C:\Windows;C:\Windows\System32\Wbem;C:\Windows\System32\WindowsPowerShell\v1.0\;C:\Windows\System32\OpenSSH\;C:\Program Files (x86)\NVIDIA Corporation\PhysX\Common;C:\ProgramData\chocolatey\bin;D:\Program\Git\cmd;C:\Program Files\apache-maven-3.8.6-bin\apache-maven-3.8.6\bin;C:\Users\ASUS\AppData\Local\Programs\Python\Python310\Scripts\;C:\Users\ASUS\AppData\Local\Programs\Python\Python310\;C:\Users\ASUS\AppData\Local\Microsoft\WindowsApps;C:\Users\ASUS\AppData\Local\Programs\Microsoft VS Code\bin;C:\Users\ASUS\AppData\Roaming\cabal\bin;C:\tools\ghc-9.2.1\bin;C:\tools\msys64;C:\Users\ASUS\AppData\Roaming\local\bin;D:\Program\flutter_windows_3.0.5-stable\flutter\bin;C:\Users\ASUS\AppData\Local\GitHubDesktop\bin;C:\MinGW\bin;;."/>
    <property name="java.vm.info" value="mixed mode, sharing"/>
    <property name="java.vendor" value="Oracle Corporation"/>
    <property name="java.vm.version" value="18.0.2.1+1-1"/>
    <property name="sun.io.unicode.encoding" value="UnicodeLittle"/>
    <property name="java.class.version" value="62.0"/>
  </properties>
  <testcase name="testSystemGaussCramer" classname="tubes.algeo.LinearEquationSolverTest" time="0.019">
    <failure message="expected:&lt;{x1=-0.0, x2=3.0, x3=1.0, x4=2.0}&gt; but was:&lt;{x1=-Infinity, x2=NaN, x3=NaN, x4=NaN}&gt;" type="java.lang.AssertionError"><![CDATA[java.lang.AssertionError: expected:<{x1=-0.0, x2=3.0, x3=1.0, x4=2.0}> but was:<{x1=-Infinity, x2=NaN, x3=NaN, x4=NaN}>
	at tubes.algeo.LinearEquationSolverTest.testSystemGaussCramer(LinearEquationSolverTest.java:78)
]]></failure>
    <system-err><![CDATA[java.lang.IllegalArgumentException: the system of equation cannot be solved using Cramer's rule (determinant = 0)
	at tubes.algeo.LinearEquationSolver.solveSystemCramer(LinearEquationSolver.java:153)
	at tubes.algeo.LinearEquationSolverTest.testSystemGaussCramer(LinearEquationSolverTest.java:77)
	at java.base/jdk.internal.reflect.DirectMethodHandleAccessor.invoke(DirectMethodHandleAccessor.java:104)
	at java.base/java.lang.reflect.Method.invoke(Method.java:577)
	at org.junit.runners.model.FrameworkMethod$1.runReflectiveCall(FrameworkMethod.java:47)
	at org.junit.internal.runners.model.ReflectiveCallable.run(ReflectiveCallable.java:12)
	at org.junit.runners.model.FrameworkMethod.invokeExplosively(FrameworkMethod.java:44)
	at org.junit.internal.runners.statements.InvokeMethod.evaluate(InvokeMethod.java:17)
	at org.junit.runners.ParentRunner.runLeaf(ParentRunner.java:271)
	at org.junit.runners.BlockJUnit4ClassRunner.runChild(BlockJUnit4ClassRunner.java:70)
	at org.junit.runners.BlockJUnit4ClassRunner.runChild(BlockJUnit4ClassRunner.java:50)
	at org.junit.runners.ParentRunner$3.run(ParentRunner.java:238)
	at org.junit.runners.ParentRunner$1.schedule(ParentRunner.java:63)
	at org.junit.runners.ParentRunner.runChildren(ParentRunner.java:236)
	at org.junit.runners.ParentRunner.access$000(ParentRunner.java:53)
	at org.junit.runners.ParentRunner$2.evaluate(ParentRunner.java:229)
	at org.junit.runners.ParentRunner.run(ParentRunner.java:309)
	at org.apache.maven.surefire.junit4.JUnit4Provider.execute(JUnit4Provider.java:365)
	at org.apache.maven.surefire.junit4.JUnit4Provider.executeWithRerun(JUnit4Provider.java:273)
	at org.apache.maven.surefire.junit4.JUnit4Provider.executeTestSet(JUnit4Provider.java:238)
	at org.apache.maven.surefire.junit4.JUnit4Provider.invoke(JUnit4Provider.java:159)
	at org.apache.maven.surefire.booter.ForkedBooter.invokeProviderInSameClassLoader(ForkedBooter.java:384)
	at org.apache.maven.surefire.booter.ForkedBooter.runSuitesInProcess(ForkedBooter.java:345)
	at org.apache.maven.surefire.booter.ForkedBooter.execute(ForkedBooter.java:126)
	at org.apache.maven.surefire.booter.ForkedBooter.main(ForkedBooter.java:418)
]]></system-err>
  </testcase>
  <testcase name="testSystemGaussJordan" classname="tubes.algeo.LinearEquationSolverTest" time="0.004">
    <failure message="expected:&lt;{x1=-0.0, x2=3.0, x3=1.0, x4=2.0}&gt; but was:&lt;{x1=-0, x2=3, x3=1, x4=2}&gt;" type="java.lang.AssertionError"><![CDATA[java.lang.AssertionError: expected:<{x1=-0.0, x2=3.0, x3=1.0, x4=2.0}> but was:<{x1=-0, x2=3, x3=1, x4=2}>
	at tubes.algeo.LinearEquationSolverTest.testSystemGaussJordan(LinearEquationSolverTest.java:72)
]]></failure>
  </testcase>
  <testcase name="testSystemGaussInverse" classname="tubes.algeo.LinearEquationSolverTest" time="0.001">
    <failure message="expected:&lt;{x1=-0.0, x2=3.0, x3=1.0, x4=2.0}&gt; but was:&lt;{x1=-0, x2=3, x3=1, x4=2}&gt;" type="java.lang.AssertionError"><![CDATA[java.lang.AssertionError: expected:<{x1=-0.0, x2=3.0, x3=1.0, x4=2.0}> but was:<{x1=-0, x2=3, x3=1, x4=2}>
	at tubes.algeo.LinearEquationSolverTest.testSystemGaussInverse(LinearEquationSolverTest.java:84)
]]></failure>
  </testcase>
  <testcase name="testSystemGauss" classname="tubes.algeo.LinearEquationSolverTest" time="0.001">
    <failure message="expected:&lt;{x1=-0.0, x2=3.0, x3=1.0, x4=2.0}&gt; but was:&lt;{x1=-0, x2=3, x3=1, x4=2}&gt;" type="java.lang.AssertionError"><![CDATA[java.lang.AssertionError: expected:<{x1=-0.0, x2=3.0, x3=1.0, x4=2.0}> but was:<{x1=-0, x2=3, x3=1, x4=2}>
	at tubes.algeo.LinearEquationSolverTest.testSystemGauss(LinearEquationSolverTest.java:66)
]]></failure>
  </testcase>
</testsuite>