<?xml version="1.0" encoding="UTF-8"?>
<testsuite xmlns:xsi="http://www.w3.org/2001/XMLSchema-instance" xsi:noNamespaceSchemaLocation="https://maven.apache.org/surefire/maven-surefire-plugin/xsd/surefire-test-report.xsd" name="tubes.algeo.PolynomialInterpolationTest" time="0.005" tests="7" errors="0" skipped="0" failures="3">
  <properties>
[...]
</properties>
  <testcase name="polInter_A1" classname="tubes.algeo.PolynomialInterpolationTest" time="0"/>
  <testcase name="polInter_A2" classname="tubes.algeo.PolynomialInterpolationTest" time="0"/>
  <testcase name="polInter_A3" classname="tubes.algeo.PolynomialInterpolationTest" time="0"/>
  <testcase name="polInter_A4" classname="tubes.algeo.PolynomialInterpolationTest" time="0"/>
  <testcase name="polInter_B1" classname="tubes.algeo.PolynomialInterpolationTest" time="0">
    <failure message="expected:&lt;722116.5725402832&gt; but was:&lt;-5.438124453791681E11&gt;" type="java.lang.AssertionError"><![CDATA[java.lang.AssertionError: expected:<722116.5725402832> but was:<-5.438124453791681E11>
	at tubes.algeo.PolynomialInterpolationTest.polInter_B1(PolynomialInterpolationTest.java:44)
]]></failure>
  </testcase>
  <testcase name="polInter_B2" classname="tubes.algeo.PolynomialInterpolationTest" time="0">
    <failure message="expected:&lt;1184756.440109253&gt; but was:&lt;-1.1251953091242551E12&gt;" type="java.lang.AssertionError"><![CDATA[java.lang.AssertionError: expected:<1184756.440109253> but was:<-1.1251953091242551E12>
	at tubes.algeo.PolynomialInterpolationTest.polInter_B2(PolynomialInterpolationTest.java:49)
]]></failure>
  </testcase>
  <testcase name="polInter_B3" classname="tubes.algeo.PolynomialInterpolationTest" time="0">
    <failure message="expected:&lt;1849547.7185668945&gt; but was:&lt;-1.6976508415579927E12&gt;" type="java.lang.AssertionError"><![CDATA[java.lang.AssertionError: expected:<1849547.7185668945> but was:<-1.6976508415579927E12>
	at tubes.algeo.PolynomialInterpolationTest.polInter_B3(PolynomialInterpolationTest.java:54)
]]></failure>
  </testcase>
</testsuite>